[27-Feb-2026 11:35:54 America/Santo_Domingo] PHP Parse error:  syntax error, unexpected token "??", expecting "->" or "?->" or "{" or "[" in C:\wamp64\www\PLATAFORMA_INTEGRADA\backend\PerfilManager.php on line 243
[28-Feb-2026 03:13:32 America/Santo_Domingo] PHP Parse error:  syntax error, unexpected token "??", expecting "->" or "?->" or "{" or "[" in C:\wamp64\www\PLATAFORMA_INTEGRADA\backend\PerfilManager.php on line 243
[28-Feb-2026 03:13:34 America/Santo_Domingo] PHP Parse error:  syntax error, unexpected token "??", expecting "->" or "?->" or "{" or "[" in C:\wamp64\www\PLATAFORMA_INTEGRADA\backend\PerfilManager.php on line 243
[28-Feb-2026 03:13:35 America/Santo_Domingo] PHP Parse error:  syntax error, unexpected token "??", expecting "->" or "?->" or "{" or "[" in C:\wamp64\www\PLATAFORMA_INTEGRADA\backend\PerfilManager.php on line 243
[28-Feb-2026 03:13:36 America/Santo_Domingo] PHP Parse error:  syntax error, unexpected token "??", expecting "->" or "?->" or "{" or "[" in C:\wamp64\www\PLATAFORMA_INTEGRADA\backend\PerfilManager.php on line 243
[28-Feb-2026 03:13:36 America/Santo_Domingo] PHP Parse error:  syntax error, unexpected token "??", expecting "->" or "?->" or "{" or "[" in C:\wamp64\www\PLATAFORMA_INTEGRADA\backend\PerfilManager.php on line 243
[28-Feb-2026 03:13:36 America/Santo_Domingo] PHP Parse error:  syntax error, unexpected token "??", expecting "->" or "?->" or "{" or "[" in C:\wamp64\www\PLATAFORMA_INTEGRADA\backend\PerfilManager.php on line 243
[28-Feb-2026 03:13:36 America/Santo_Domingo] PHP Parse error:  syntax error, unexpected token "??", expecting "->" or "?->" or "{" or "[" in C:\wamp64\www\PLATAFORMA_INTEGRADA\backend\PerfilManager.php on line 243
[28-Feb-2026 03:13:36 America/Santo_Domingo] PHP Parse error:  syntax error, unexpected token "??", expecting "->" or "?->" or "{" or "[" in C:\wamp64\www\PLATAFORMA_INTEGRADA\backend\PerfilManager.php on line 243
[28-Feb-2026 03:13:37 America/Santo_Domingo] PHP Parse error:  syntax error, unexpected token "??", expecting "->" or "?->" or "{" or "[" in C:\wamp64\www\PLATAFORMA_INTEGRADA\backend\PerfilManager.php on line 243
[28-Feb-2026 03:13:37 America/Santo_Domingo] PHP Parse error:  syntax error, unexpected token "??", expecting "->" or "?->" or "{" or "[" in C:\wamp64\www\PLATAFORMA_INTEGRADA\backend\PerfilManager.php on line 243
[28-Feb-2026 03:13:37 America/Santo_Domingo] PHP Parse error:  syntax error, unexpected token "??", expecting "->" or "?->" or "{" or "[" in C:\wamp64\www\PLATAFORMA_INTEGRADA\backend\PerfilManager.php on line 243
[28-Feb-2026 03:13:37 America/Santo_Domingo] PHP Parse error:  syntax error, unexpected token "??", expecting "->" or "?->" or "{" or "[" in C:\wamp64\www\PLATAFORMA_INTEGRADA\backend\PerfilManager.php on line 243
[28-Feb-2026 03:13:37 America/Santo_Domingo] PHP Parse error:  syntax error, unexpected token "??", expecting "->" or "?->" or "{" or "[" in C:\wamp64\www\PLATAFORMA_INTEGRADA\backend\PerfilManager.php on line 243
[28-Feb-2026 03:13:38 America/Santo_Domingo] PHP Parse error:  syntax error, unexpected token "??", expecting "->" or "?->" or "{" or "[" in C:\wamp64\www\PLATAFORMA_INTEGRADA\backend\PerfilManager.php on line 243
[28-Feb-2026 03:13:38 America/Santo_Domingo] PHP Parse error:  syntax error, unexpected token "??", expecting "->" or "?->" or "{" or "[" in C:\wamp64\www\PLATAFORMA_INTEGRADA\backend\PerfilManager.php on line 243
[28-Feb-2026 03:13:38 America/Santo_Domingo] PHP Parse error:  syntax error, unexpected token "??", expecting "->" or "?->" or "{" or "[" in C:\wamp64\www\PLATAFORMA_INTEGRADA\backend\PerfilManager.php on line 243
[28-Feb-2026 03:13:38 America/Santo_Domingo] PHP Parse error:  syntax error, unexpected token "??", expecting "->" or "?->" or "{" or "[" in C:\wamp64\www\PLATAFORMA_INTEGRADA\backend\PerfilManager.php on line 243
[28-Feb-2026 03:14:03 America/Santo_Domingo] PHP Parse error:  syntax error, unexpected token "??", expecting "->" or "?->" or "{" or "[" in C:\wamp64\www\PLATAFORMA_INTEGRADA\backend\PerfilManager.php on line 243
[13-Mar-2026 12:22:45 America/Santo_Domingo] PHP Parse error:  syntax error, unexpected token "??", expecting "->" or "?->" or "{" or "[" in C:\wamp64\www\PLATAFORMA_INTEGRADA\backend\PerfilManager.php on line 243
[13-Mar-2026 12:23:54 America/Santo_Domingo] PHP Parse error:  syntax error, unexpected token "??", expecting "->" or "?->" or "{" or "[" in C:\wamp64\www\PLATAFORMA_INTEGRADA\backend\PerfilManager.php on line 243
[13-Mar-2026 12:25:32 America/Santo_Domingo] PHP Parse error:  syntax error, unexpected token "??", expecting "->" or "?->" or "{" or "[" in C:\wamp64\www\PLATAFORMA_INTEGRADA\backend\PerfilManager.php on line 243
[13-Mar-2026 12:34:44 America/Santo_Domingo] PHP Parse error:  syntax error, unexpected token "??", expecting "->" or "?->" or "{" or "[" in C:\wamp64\www\PLATAFORMA_INTEGRADA\backend\PerfilManager.php on line 243
[13-Mar-2026 12:37:15 America/Santo_Domingo] PHP Parse error:  syntax error, unexpected token "??", expecting "->" or "?->" or "{" or "[" in C:\wamp64\www\PLATAFORMA_INTEGRADA\backend\PerfilManager.php on line 243
[13-Mar-2026 13:14:00 America/Santo_Domingo] PHP Parse error:  syntax error, unexpected token "??", expecting "->" or "?->" or "{" or "[" in C:\wamp64\www\PLATAFORMA_INTEGRADA\backend\PerfilManager.php on line 243
[13-Mar-2026 13:18:21 America/Santo_Domingo] PHP Parse error:  syntax error, unexpected token "??", expecting "->" or "?->" or "{" or "[" in C:\wamp64\www\PLATAFORMA_INTEGRADA\backend\PerfilManager.php on line 243
[13-Mar-2026 13:40:05 America/Santo_Domingo] PHP Parse error:  syntax error, unexpected token "??", expecting "->" or "?->" or "{" or "[" in C:\wamp64\www\PLATAFORMA_INTEGRADA\backend\PerfilManager.php on line 243
[13-Mar-2026 13:42:38 America/Santo_Domingo] PHP Warning:  Undefined variable $manager in C:\wamp64\www\PLATAFORMA_INTEGRADA\backend\api\debug-perfiles.php on line 31
[13-Mar-2026 13:42:38 America/Santo_Domingo] PHP Stack trace:
[13-Mar-2026 13:42:38 America/Santo_Domingo] PHP   1. {main}() C:\wamp64\www\PLATAFORMA_INTEGRADA\backend\api\debug-perfiles.php:0
[13-Mar-2026 13:49:44 America/Santo_Domingo] PHP Warning:  Undefined variable $manager in C:\wamp64\www\PLATAFORMA_INTEGRADA\backend\api\debug-perfiles.php on line 31
[13-Mar-2026 13:49:44 America/Santo_Domingo] PHP Stack trace:
[13-Mar-2026 13:49:44 America/Santo_Domingo] PHP   1. {main}() C:\wamp64\www\PLATAFORMA_INTEGRADA\backend\api\debug-perfiles.php:0
[01-Apr-2026 02:34:50 America/Santo_Domingo] PHP Fatal error:  Uncaught Error: Call to private Database::__construct() from scope ClienteManager in C:\wamp64\www\PLATAFORMA_INTEGRADA\backend\ClienteManager.php:9
Stack trace:
#0 C:\wamp64\www\PLATAFORMA_INTEGRADA\backend\api\clientes.php(27): ClienteManager->__construct()
#1 {main}
  thrown in C:\wamp64\www\PLATAFORMA_INTEGRADA\backend\ClienteManager.php on line 9
[01-Apr-2026 02:34:50 America/Santo_Domingo] PHP Fatal error:  Uncaught Error: Call to private Database::__construct() from scope ClienteManager in C:\wamp64\www\PLATAFORMA_INTEGRADA\backend\ClienteManager.php:9
Stack trace:
#0 C:\wamp64\www\PLATAFORMA_INTEGRADA\backend\api\clientes.php(27): ClienteManager->__construct()
#1 {main}
  thrown in C:\wamp64\www\PLATAFORMA_INTEGRADA\backend\ClienteManager.php on line 9
[01-Apr-2026 02:35:57 America/Santo_Domingo] PHP Fatal error:  Uncaught Error: Call to undefined method mysqli::exec() in C:\wamp64\www\PLATAFORMA_INTEGRADA\backend\ClienteManager.php:29
Stack trace:
#0 C:\wamp64\www\PLATAFORMA_INTEGRADA\backend\ClienteManager.php(10): ClienteManager->initTable()
#1 C:\wamp64\www\PLATAFORMA_INTEGRADA\backend\api\clientes.php(27): ClienteManager->__construct()
#2 {main}
  thrown in C:\wamp64\www\PLATAFORMA_INTEGRADA\backend\ClienteManager.php on line 29
[01-Apr-2026 02:35:57 America/Santo_Domingo] PHP Fatal error:  Uncaught Error: Call to undefined method mysqli::exec() in C:\wamp64\www\PLATAFORMA_INTEGRADA\backend\ClienteManager.php:29
Stack trace:
#0 C:\wamp64\www\PLATAFORMA_INTEGRADA\backend\ClienteManager.php(10): ClienteManager->initTable()
#1 C:\wamp64\www\PLATAFORMA_INTEGRADA\backend\api\clientes.php(27): ClienteManager->__construct()
#2 {main}
  thrown in C:\wamp64\www\PLATAFORMA_INTEGRADA\backend\ClienteManager.php on line 29
[01-Apr-2026 02:37:01 America/Santo_Domingo] PHP Fatal error:  Uncaught mysqli_sql_exception: Unknown column 'tipo_persona' in 'field list' in C:\wamp64\www\PLATAFORMA_INTEGRADA\backend\ClienteManager.php:47
Stack trace:
#0 C:\wamp64\www\PLATAFORMA_INTEGRADA\backend\ClienteManager.php(47): mysqli->prepare('INSERT INTO cli...')
#1 C:\wamp64\www\PLATAFORMA_INTEGRADA\backend\api\test_insert_cliente.php(4): ClienteManager->crearCliente(Array)
#2 {main}
  thrown in C:\wamp64\www\PLATAFORMA_INTEGRADA\backend\ClienteManager.php on line 47
[01-Apr-2026 02:37:01 America/Santo_Domingo] PHP Fatal error:  Uncaught mysqli_sql_exception: Unknown column 'tipo_persona' in 'field list' in C:\wamp64\www\PLATAFORMA_INTEGRADA\backend\ClienteManager.php:47
Stack trace:
#0 C:\wamp64\www\PLATAFORMA_INTEGRADA\backend\ClienteManager.php(47): mysqli->prepare('INSERT INTO cli...')
#1 C:\wamp64\www\PLATAFORMA_INTEGRADA\backend\api\test_insert_cliente.php(4): ClienteManager->crearCliente(Array)
#2 {main}
  thrown in C:\wamp64\www\PLATAFORMA_INTEGRADA\backend\ClienteManager.php on line 47
[01-Apr-2026 02:37:30 America/Santo_Domingo] PHP Fatal error:  Uncaught mysqli_sql_exception: Unknown column 'tipo_persona' in 'field list' in C:\wamp64\www\PLATAFORMA_INTEGRADA\backend\ClienteManager.php:47
Stack trace:
#0 C:\wamp64\www\PLATAFORMA_INTEGRADA\backend\ClienteManager.php(47): mysqli->prepare('INSERT INTO cli...')
#1 C:\wamp64\www\PLATAFORMA_INTEGRADA\backend\api\test_insert_cliente.php(4): ClienteManager->crearCliente(Array)
#2 {main}
  thrown in C:\wamp64\www\PLATAFORMA_INTEGRADA\backend\ClienteManager.php on line 47
[01-Apr-2026 02:37:30 America/Santo_Domingo] PHP Fatal error:  Uncaught mysqli_sql_exception: Unknown column 'tipo_persona' in 'field list' in C:\wamp64\www\PLATAFORMA_INTEGRADA\backend\ClienteManager.php:47
Stack trace:
#0 C:\wamp64\www\PLATAFORMA_INTEGRADA\backend\ClienteManager.php(47): mysqli->prepare('INSERT INTO cli...')
#1 C:\wamp64\www\PLATAFORMA_INTEGRADA\backend\api\test_insert_cliente.php(4): ClienteManager->crearCliente(Array)
#2 {main}
  thrown in C:\wamp64\www\PLATAFORMA_INTEGRADA\backend\ClienteManager.php on line 47
[01-Apr-2026 02:38:15 America/Santo_Domingo] PHP Fatal error:  Uncaught mysqli_sql_exception: Duplicate entry '111-2222222-3' for key 'clientes.cedula' in C:\wamp64\www\PLATAFORMA_INTEGRADA\backend\ClienteManager.php:64
Stack trace:
#0 C:\wamp64\www\PLATAFORMA_INTEGRADA\backend\ClienteManager.php(64): mysqli_stmt->execute()
#1 C:\wamp64\www\PLATAFORMA_INTEGRADA\backend\api\test_insert_cliente.php(4): ClienteManager->crearCliente(Array)
#2 {main}
  thrown in C:\wamp64\www\PLATAFORMA_INTEGRADA\backend\ClienteManager.php on line 64
[01-Apr-2026 05:29:26 America/Santo_Domingo] PHP Fatal error:  Uncaught mysqli_sql_exception: Key column 'numero' doesn't exist in table in C:\wamp64\www\PLATAFORMA_INTEGRADA\backend\api\fix_cotizaciones_table.php:39
Stack trace:
#0 C:\wamp64\www\PLATAFORMA_INTEGRADA\backend\api\fix_cotizaciones_table.php(39): mysqli->query('ALTER TABLE cot...')
#1 {main}
  thrown in C:\wamp64\www\PLATAFORMA_INTEGRADA\backend\api\fix_cotizaciones_table.php on line 39
[01-Apr-2026 05:29:26 America/Santo_Domingo] PHP Fatal error:  Uncaught mysqli_sql_exception: Key column 'numero' doesn't exist in table in C:\wamp64\www\PLATAFORMA_INTEGRADA\backend\api\fix_cotizaciones_table.php:39
Stack trace:
#0 C:\wamp64\www\PLATAFORMA_INTEGRADA\backend\api\fix_cotizaciones_table.php(39): mysqli->query('ALTER TABLE cot...')
#1 {main}
  thrown in C:\wamp64\www\PLATAFORMA_INTEGRADA\backend\api\fix_cotizaciones_table.php on line 39
[01-Apr-2026 05:30:45 America/Santo_Domingo] PHP Fatal error:  Uncaught mysqli_sql_exception: Key column 'numero' doesn't exist in table in C:\wamp64\www\PLATAFORMA_INTEGRADA\backend\api\fix_cotizaciones_table.php:39
Stack trace:
#0 C:\wamp64\www\PLATAFORMA_INTEGRADA\backend\api\fix_cotizaciones_table.php(39): mysqli->query('ALTER TABLE cot...')
#1 {main}
  thrown in C:\wamp64\www\PLATAFORMA_INTEGRADA\backend\api\fix_cotizaciones_table.php on line 39
[01-Apr-2026 23:48:26 America/Santo_Domingo] PHP Fatal error:  Uncaught mysqli_sql_exception: Unknown column 'password_temporal' in 'field list' in C:\wamp64\www\PLATAFORMA_INTEGRADA\backend\api\info_usuario.php:6
Stack trace:
#0 C:\wamp64\www\PLATAFORMA_INTEGRADA\backend\api\info_usuario.php(6): mysqli->prepare('SELECT id, user...')
#1 {main}
  thrown in C:\wamp64\www\PLATAFORMA_INTEGRADA\backend\api\info_usuario.php on line 6
[01-Apr-2026 23:48:26 America/Santo_Domingo] PHP Fatal error:  Uncaught mysqli_sql_exception: Unknown column 'password_temporal' in 'field list' in C:\wamp64\www\PLATAFORMA_INTEGRADA\backend\api\info_usuario.php:6
Stack trace:
#0 C:\wamp64\www\PLATAFORMA_INTEGRADA\backend\api\info_usuario.php(6): mysqli->prepare('SELECT id, user...')
#1 {main}
  thrown in C:\wamp64\www\PLATAFORMA_INTEGRADA\backend\api\info_usuario.php on line 6
[01-Apr-2026 23:48:49 America/Santo_Domingo] PHP Fatal error:  Uncaught mysqli_sql_exception: Unknown column 'password_temporal' in 'field list' in C:\wamp64\www\PLATAFORMA_INTEGRADA\backend\api\info_usuario.php:6
Stack trace:
#0 C:\wamp64\www\PLATAFORMA_INTEGRADA\backend\api\info_usuario.php(6): mysqli->prepare('SELECT id, user...')
#1 {main}
  thrown in C:\wamp64\www\PLATAFORMA_INTEGRADA\backend\api\info_usuario.php on line 6
[01-Apr-2026 23:49:02 America/Santo_Domingo] PHP Fatal error:  Uncaught mysqli_sql_exception: Unknown column 'password_temporal' in 'field list' in C:\wamp64\www\PLATAFORMA_INTEGRADA\backend\api\info_usuario.php:6
Stack trace:
#0 C:\wamp64\www\PLATAFORMA_INTEGRADA\backend\api\info_usuario.php(6): mysqli->prepare('SELECT id, user...')
#1 {main}
  thrown in C:\wamp64\www\PLATAFORMA_INTEGRADA\backend\api\info_usuario.php on line 6
[06-Apr-2026 12:41:32 America/Santo_Domingo] PHP Fatal error:  Uncaught mysqli_sql_exception: You have an error in your SQL syntax; check the manual that corresponds to your MySQL server version for the right syntax to use near 'IF NOT EXISTS siglas VARCHAR(10) AFTER nombre_perfil' at line 1 in C:\wamp64\www\PLATAFORMA_INTEGRADA\backend\migration_user_features.php:9
Stack trace:
#0 C:\wamp64\www\PLATAFORMA_INTEGRADA\backend\migration_user_features.php(9): mysqli->query('ALTER TABLE per...')
#1 {main}
  thrown in C:\wamp64\www\PLATAFORMA_INTEGRADA\backend\migration_user_features.php on line 9
[06-Apr-2026 13:08:42 America/Santo_Domingo] PHP Fatal error:  Uncaught Error: mysqli_stmt::bind_param(): Argument #7 could not be passed by reference in C:\wamp64\www\PLATAFORMA_INTEGRADA\backend\UsuarioManager.php:106
Stack trace:
#0 C:\wamp64\www\PLATAFORMA_INTEGRADA\backend\api\usuarios.php(50): UsuarioManager->crearUsuario(Array, 1)
#1 {main}
  thrown in C:\wamp64\www\PLATAFORMA_INTEGRADA\backend\UsuarioManager.php on line 106
[06-Apr-2026 13:08:58 America/Santo_Domingo] PHP Fatal error:  Uncaught Error: mysqli_stmt::bind_param(): Argument #7 could not be passed by reference in C:\wamp64\www\PLATAFORMA_INTEGRADA\backend\UsuarioManager.php:106
Stack trace:
#0 C:\wamp64\www\PLATAFORMA_INTEGRADA\backend\api\usuarios.php(50): UsuarioManager->crearUsuario(Array, 1)
#1 {main}
  thrown in C:\wamp64\www\PLATAFORMA_INTEGRADA\backend\UsuarioManager.php on line 106
[06-Apr-2026 13:11:40 America/Santo_Domingo] PHP Fatal error:  Uncaught Error: mysqli_stmt::bind_param(): Argument #7 could not be passed by reference in C:\wamp64\www\PLATAFORMA_INTEGRADA\backend\UsuarioManager.php:106
Stack trace:
#0 C:\wamp64\www\PLATAFORMA_INTEGRADA\backend\api\usuarios.php(50): UsuarioManager->crearUsuario(Array, 1)
#1 {main}
  thrown in C:\wamp64\www\PLATAFORMA_INTEGRADA\backend\UsuarioManager.php on line 106
[06-Apr-2026 13:11:48 America/Santo_Domingo] PHP Fatal error:  Uncaught Error: mysqli_stmt::bind_param(): Argument #7 could not be passed by reference in C:\wamp64\www\PLATAFORMA_INTEGRADA\backend\UsuarioManager.php:106
Stack trace:
#0 C:\wamp64\www\PLATAFORMA_INTEGRADA\backend\api\usuarios.php(50): UsuarioManager->crearUsuario(Array, 1)
#1 {main}
  thrown in C:\wamp64\www\PLATAFORMA_INTEGRADA\backend\UsuarioManager.php on line 106
[06-Apr-2026 13:13:20 America/Santo_Domingo] PHP Fatal error:  Uncaught ArgumentCountError: The number of elements in the type definition string must match the number of bind variables in C:\wamp64\www\PLATAFORMA_INTEGRADA\backend\UsuarioManager.php:220
Stack trace:
#0 C:\wamp64\www\PLATAFORMA_INTEGRADA\backend\UsuarioManager.php(220): mysqli_stmt->bind_param('sssiiddi', 'Juan', 'Socio PDV', 'pdv.prueba@masq...', 5, 1, 5.0, 5.0, 1, 12)
#1 C:\wamp64\www\PLATAFORMA_INTEGRADA\backend\api\usuarios.php(57): UsuarioManager->editarUsuario(12, Array, 1)
#2 {main}
  thrown in C:\wamp64\www\PLATAFORMA_INTEGRADA\backend\UsuarioManager.php on line 220
[06-Apr-2026 15:20:47 America/Santo_Domingo] PHP Fatal error:  Uncaught ArgumentCountError: The number of elements in the type definition string must match the number of bind variables in C:\wamp64\www\PLATAFORMA_INTEGRADA\backend\UsuarioManager.php:106
Stack trace:
#0 C:\wamp64\www\PLATAFORMA_INTEGRADA\backend\UsuarioManager.php(106): mysqli_stmt->bind_param('ssssssssisiiddi...', '05PDV002', '777-7777777-7', 'Final', 'final.test@prue...', 'final.test@prue...', NULL, 'testcomision', '$2y$10$4OJox/WY...', 5, 'inactivo', 1, 0.5, 0.2, 1, 1)
#1 C:\wamp64\www\PLATAFORMA_INTEGRADA\backend\api\usuarios.php(50): UsuarioManager->crearUsuario(Array, 1)
#2 {main}
  thrown in C:\wamp64\www\PLATAFORMA_INTEGRADA\backend\UsuarioManager.php on line 106
[06-Apr-2026 15:39:30 America/Santo_Domingo] PHP Fatal error:  Uncaught ArgumentCountError: The number of elements in the type definition string must match the number of bind variables in C:\wamp64\www\PLATAFORMA_INTEGRADA\backend\UsuarioManager.php:227
Stack trace:
#0 C:\wamp64\www\PLATAFORMA_INTEGRADA\backend\UsuarioManager.php(227): mysqli_stmt->bind_param('sdi', 'Test Editado', 0.66, 1, 19)
#1 C:\wamp64\www\PLATAFORMA_INTEGRADA\backend\api\repro_test.php(37): UsuarioManager->editarUsuario(19, Array, 1)
#2 {main}
  thrown in C:\wamp64\www\PLATAFORMA_INTEGRADA\backend\UsuarioManager.php on line 227
[06-Apr-2026 15:39:56 America/Santo_Domingo] PHP Fatal error:  Uncaught ArgumentCountError: The number of elements in the type definition string must match the number of bind variables in C:\wamp64\www\PLATAFORMA_INTEGRADA\backend\UsuarioManager.php:227
Stack trace:
#0 C:\wamp64\www\PLATAFORMA_INTEGRADA\backend\UsuarioManager.php(227): mysqli_stmt->bind_param('sdi', 'Test Editado 23...', 0.66, 1, 21)
#1 C:\wamp64\www\PLATAFORMA_INTEGRADA\backend\api\repro_test.php(39): UsuarioManager->editarUsuario(21, Array, 1)
#2 {main}
  thrown in C:\wamp64\www\PLATAFORMA_INTEGRADA\backend\UsuarioManager.php on line 227
[06-Apr-2026 15:39:57 America/Santo_Domingo] PHP Fatal error:  Uncaught ArgumentCountError: The number of elements in the type definition string must match the number of bind variables in C:\wamp64\www\PLATAFORMA_INTEGRADA\backend\UsuarioManager.php:227
Stack trace:
#0 C:\wamp64\www\PLATAFORMA_INTEGRADA\backend\UsuarioManager.php(227): mysqli_stmt->bind_param('sdi', 'Test Editado 30...', 0.66, 1, 22)
#1 C:\wamp64\www\PLATAFORMA_INTEGRADA\backend\api\repro_test.php(39): UsuarioManager->editarUsuario(22, Array, 1)
#2 {main}
  thrown in C:\wamp64\www\PLATAFORMA_INTEGRADA\backend\UsuarioManager.php on line 227
